{"contracts\\BurnAuction.sol":{"l":{"82":2,"83":2,"84":2,"85":2,"86":2,"87":2,"88":2,"89":2,"90":2,"105":10,"106":10,"107":10,"108":0,"109":0,"112":0,"117":0,"118":0,"120":0,"123":10,"124":8,"125":8,"128":8,"130":8,"132":8,"138":8,"151":11,"155":7,"156":7,"157":5,"158":5,"174":7,"178":3,"183":3,"184":3,"185":3,"202":0,"203":0,"204":0,"205":0,"207":0,"209":0,"210":0,"212":0,"232":0,"233":0,"234":0,"235":0,"237":0,"256":0,"257":0,"258":0,"259":0,"260":0,"261":0,"262":0,"264":0,"278":33,"287":31,"288":31,"296":31},"path":"C:\\Users\\lazypuppet\\ethereum\\snaketh4x0r\\BurnAuctionProject\\contracts\\BurnAuction.sol","s":{"1":2,"2":2,"3":2,"4":2,"5":2,"6":2,"7":2,"8":2,"9":2,"10":10,"11":10,"12":10,"13":0,"14":0,"15":0,"16":0,"17":0,"18":0,"19":10,"20":8,"21":8,"22":8,"23":8,"24":8,"25":8,"26":11,"27":7,"28":7,"29":5,"30":5,"31":7,"32":3,"33":3,"34":3,"35":3,"36":0,"37":0,"38":0,"39":0,"40":0,"41":0,"42":0,"43":0,"44":0,"45":0,"46":0,"47":0,"48":0,"49":0,"50":0,"51":0,"52":0,"53":0,"54":0,"55":0,"56":0,"57":0,"58":33,"59":31,"60":0,"61":31,"62":31},"b":{"1":[0,10],"2":[0,0],"3":[8,2],"4":[7,4],"5":[3,4],"6":[0,0],"7":[0,0],"8":[0,0],"9":[0,0],"10":[0,31]},"f":{"1":2,"2":10,"3":11,"4":7,"5":0,"6":0,"7":0,"8":33,"9":31,"10":31},"fnMap":{"1":{"name":"constructor","line":70,"loc":{"start":{"line":70,"column":4},"end":{"line":91,"column":4}}},"2":{"name":"bid","line":100,"loc":{"start":{"line":100,"column":4},"end":{"line":139,"column":4}}},"3":{"name":"bidBySelf","line":146,"loc":{"start":{"line":146,"column":4},"end":{"line":159,"column":4}}},"4":{"name":"bidForOthers","line":168,"loc":{"start":{"line":168,"column":4},"end":{"line":186,"column":4}}},"5":{"name":"getCurrentWinner","line":192,"loc":{"start":{"line":192,"column":4},"end":{"line":219,"column":4}}},"6":{"name":"checkWinner","line":227,"loc":{"start":{"line":227,"column":4},"end":{"line":239,"column":4}}},"7":{"name":"getWinner","line":246,"loc":{"start":{"line":246,"column":4},"end":{"line":271,"column":4}}},"8":{"name":"getBlockNumber","line":277,"loc":{"start":{"line":277,"column":4},"end":{"line":279,"column":4}}},"9":{"name":"block2slot","line":286,"loc":{"start":{"line":286,"column":4},"end":{"line":289,"column":4}}},"10":{"name":"currentSlot","line":295,"loc":{"start":{"line":295,"column":4},"end":{"line":297,"column":4}}}},"statementMap":{"1":{"start":{"line":82,"column":8},"end":{"line":82,"column":54}},"2":{"start":{"line":83,"column":8},"end":{"line":83,"column":21}},"3":{"start":{"line":84,"column":8},"end":{"line":84,"column":33}},"4":{"start":{"line":85,"column":8},"end":{"line":85,"column":37}},"5":{"start":{"line":86,"column":8},"end":{"line":86,"column":35}},"6":{"start":{"line":87,"column":8},"end":{"line":87,"column":23}},"7":{"start":{"line":88,"column":8},"end":{"line":88,"column":35}},"8":{"start":{"line":89,"column":8},"end":{"line":89,"column":31}},"9":{"start":{"line":90,"column":8},"end":{"line":90,"column":76}},"10":{"start":{"line":105,"column":8},"end":{"line":105,"column":27}},"11":{"start":{"line":106,"column":8},"end":{"line":106,"column":30}},"12":{"start":{"line":107,"column":8},"end":{"line":107,"column":3452}},"13":{"start":{"line":108,"column":12},"end":{"line":108,"column":54}},"14":{"start":{"line":109,"column":12},"end":{"line":109,"column":3560}},"15":{"start":{"line":112,"column":12},"end":{"line":112,"column":3679}},"16":{"start":{"line":117,"column":12},"end":{"line":117,"column":75}},"17":{"start":{"line":118,"column":12},"end":{"line":118,"column":47}},"18":{"start":{"line":120,"column":12},"end":{"line":120,"column":43}},"19":{"start":{"line":123,"column":12},"end":{"line":123,"column":70}},"20":{"start":{"line":124,"column":12},"end":{"line":124,"column":43}},"21":{"start":{"line":125,"column":12},"end":{"line":125,"column":26}},"22":{"start":{"line":128,"column":8},"end":{"line":128,"column":28}},"23":{"start":{"line":130,"column":8},"end":{"line":130,"column":35}},"24":{"start":{"line":132,"column":8},"end":{"line":132,"column":4453}},"25":{"start":{"line":138,"column":8},"end":{"line":138,"column":22}},"26":{"start":{"line":151,"column":8},"end":{"line":151,"column":4872}},"27":{"start":{"line":155,"column":8},"end":{"line":155,"column":73}},"28":{"start":{"line":156,"column":8},"end":{"line":156,"column":51}},"29":{"start":{"line":157,"column":8},"end":{"line":157,"column":36}},"30":{"start":{"line":158,"column":8},"end":{"line":158,"column":19}},"31":{"start":{"line":174,"column":8},"end":{"line":174,"column":5669}},"32":{"start":{"line":178,"column":8},"end":{"line":178,"column":5798}},"33":{"start":{"line":183,"column":8},"end":{"line":183,"column":51}},"34":{"start":{"line":184,"column":8},"end":{"line":184,"column":36}},"35":{"start":{"line":185,"column":8},"end":{"line":185,"column":19}},"36":{"start":{"line":202,"column":8},"end":{"line":202,"column":22}},"37":{"start":{"line":203,"column":8},"end":{"line":203,"column":27}},"38":{"start":{"line":204,"column":8},"end":{"line":204,"column":25}},"39":{"start":{"line":205,"column":8},"end":{"line":205,"column":22}},"40":{"start":{"line":207,"column":8},"end":{"line":207,"column":68}},"41":{"start":{"line":209,"column":8},"end":{"line":209,"column":6586}},"42":{"start":{"line":210,"column":12},"end":{"line":210,"column":53}},"43":{"start":{"line":212,"column":12},"end":{"line":212,"column":6709}},"44":{"start":{"line":232,"column":8},"end":{"line":232,"column":64}},"45":{"start":{"line":232,"column":53},"end":{"line":232,"column":64}},"46":{"start":{"line":233,"column":8},"end":{"line":233,"column":66}},"47":{"start":{"line":234,"column":8},"end":{"line":234,"column":7336}},"48":{"start":{"line":235,"column":12},"end":{"line":235,"column":23}},"49":{"start":{"line":237,"column":12},"end":{"line":237,"column":24}},"50":{"start":{"line":256,"column":8},"end":{"line":256,"column":69}},"51":{"start":{"line":257,"column":8},"end":{"line":257,"column":7895}},"52":{"start":{"line":258,"column":12},"end":{"line":258,"column":65}},"53":{"start":{"line":259,"column":12},"end":{"line":259,"column":65}},"54":{"start":{"line":260,"column":12},"end":{"line":260,"column":53}},"55":{"start":{"line":261,"column":12},"end":{"line":261,"column":50}},"56":{"start":{"line":262,"column":12},"end":{"line":262,"column":53}},"57":{"start":{"line":264,"column":12},"end":{"line":264,"column":8271}},"58":{"start":{"line":278,"column":8},"end":{"line":278,"column":27}},"59":{"start":{"line":287,"column":8},"end":{"line":287,"column":45}},"60":{"start":{"line":287,"column":37},"end":{"line":287,"column":45}},"61":{"start":{"line":288,"column":8},"end":{"line":288,"column":66}},"62":{"start":{"line":296,"column":8},"end":{"line":296,"column":43}}},"branchMap":{"1":{"line":107,"type":"if","locations":[{"start":{"line":107,"column":8},"end":{"line":107,"column":8}},{"start":{"line":107,"column":8},"end":{"line":107,"column":8}}]},"2":{"line":112,"type":"if","locations":[{"start":{"line":112,"column":12},"end":{"line":112,"column":12}},{"start":{"line":112,"column":12},"end":{"line":112,"column":12}}]},"3":{"line":123,"type":"if","locations":[{"start":{"line":123,"column":12},"end":{"line":123,"column":12}},{"start":{"line":123,"column":12},"end":{"line":123,"column":12}}]},"4":{"line":151,"type":"if","locations":[{"start":{"line":151,"column":8},"end":{"line":151,"column":8}},{"start":{"line":151,"column":8},"end":{"line":151,"column":8}}]},"5":{"line":174,"type":"if","locations":[{"start":{"line":174,"column":8},"end":{"line":174,"column":8}},{"start":{"line":174,"column":8},"end":{"line":174,"column":8}}]},"6":{"line":209,"type":"if","locations":[{"start":{"line":209,"column":8},"end":{"line":209,"column":8}},{"start":{"line":209,"column":8},"end":{"line":209,"column":8}}]},"7":{"line":232,"type":"if","locations":[{"start":{"line":232,"column":8},"end":{"line":232,"column":8}},{"start":{"line":232,"column":8},"end":{"line":232,"column":8}}]},"8":{"line":234,"type":"if","locations":[{"start":{"line":234,"column":8},"end":{"line":234,"column":8}},{"start":{"line":234,"column":8},"end":{"line":234,"column":8}}]},"9":{"line":257,"type":"if","locations":[{"start":{"line":257,"column":8},"end":{"line":257,"column":8}},{"start":{"line":257,"column":8},"end":{"line":257,"column":8}}]},"10":{"line":287,"type":"if","locations":[{"start":{"line":287,"column":8},"end":{"line":287,"column":8}},{"start":{"line":287,"column":8},"end":{"line":287,"column":8}}]}}},"contracts\\hubbletest.sol":{"l":{"14":2,"19":0,"20":0,"21":0,"22":0,"24":0,"25":0,"26":0},"path":"C:\\Users\\lazypuppet\\ethereum\\snaketh4x0r\\BurnAuctionProject\\contracts\\hubbletest.sol","s":{"1":2,"2":0,"3":0,"4":0,"5":0,"6":0,"7":0,"8":0},"b":{"1":[0,0]},"f":{"1":2,"2":0},"fnMap":{"1":{"name":"constructor","line":13,"loc":{"start":{"line":13,"column":4},"end":{"line":15,"column":4}}},"2":{"name":"submitBatch","line":18,"loc":{"start":{"line":18,"column":4},"end":{"line":27,"column":4}}}},"statementMap":{"1":{"start":{"line":14,"column":8},"end":{"line":14,"column":46}},"2":{"start":{"line":19,"column":8},"end":{"line":19,"column":25}},"3":{"start":{"line":20,"column":8},"end":{"line":20,"column":25}},"4":{"start":{"line":21,"column":8},"end":{"line":21,"column":25}},"5":{"start":{"line":22,"column":8},"end":{"line":22,"column":19}},"6":{"start":{"line":24,"column":8},"end":{"line":24,"column":70}},"7":{"start":{"line":25,"column":8},"end":{"line":25,"column":70}},"8":{"start":{"line":26,"column":8},"end":{"line":26,"column":19}}},"branchMap":{"1":{"line":25,"type":"if","locations":[{"start":{"line":25,"column":8},"end":{"line":25,"column":8}},{"start":{"line":25,"column":8},"end":{"line":25,"column":8}}]}}}}