{"contracts\\BurnAuction.sol":{"l":{"71":2,"72":2,"73":2,"74":2,"75":2,"76":2,"77":2,"78":2,"79":2,"94":26,"95":26,"96":26,"97":8,"98":8,"101":8,"106":4,"108":4,"110":4,"113":18,"114":14,"115":14,"118":18,"120":18,"122":18,"123":18,"131":18,"135":14,"136":14,"137":10,"138":10,"151":16,"155":12,"156":12,"157":8,"158":8,"166":4,"167":4,"168":4,"169":3,"171":1,"181":65,"182":64,"190":64,"198":66,"212":7,"216":6,"217":6,"218":4,"220":2},"path":"C:\\Users\\lazypuppet\\ethereum\\snaketh4x0r\\BurnAuctionProject\\contracts\\BurnAuction.sol","s":{"1":2,"2":2,"3":2,"4":2,"5":2,"6":2,"7":2,"8":2,"9":2,"10":26,"11":26,"12":26,"13":8,"14":8,"15":8,"16":4,"17":4,"18":4,"19":18,"20":14,"21":14,"22":18,"23":18,"24":18,"25":18,"26":18,"27":14,"28":14,"29":10,"30":10,"31":16,"32":12,"33":12,"34":8,"35":8,"36":4,"37":4,"38":4,"39":3,"40":1,"41":65,"42":1,"43":64,"44":64,"45":66,"46":7,"47":1,"48":6,"49":6,"50":4,"51":2},"b":{"1":[8,18],"2":[4,4],"3":[14,4],"4":[14,4],"5":[12,4],"6":[3,1],"7":[1,64],"8":[1,6],"9":[4,2]},"f":{"1":2,"2":26,"3":18,"4":16,"5":4,"6":65,"7":64,"8":66,"9":7},"fnMap":{"1":{"name":"constructor","line":61,"loc":{"start":{"line":61,"column":4},"end":{"line":80,"column":4}}},"2":{"name":"bid","line":89,"loc":{"start":{"line":89,"column":4},"end":{"line":124,"column":4}}},"3":{"name":"bidBySelf","line":130,"loc":{"start":{"line":130,"column":4},"end":{"line":139,"column":4}}},"4":{"name":"bidForOthers","line":146,"loc":{"start":{"line":146,"column":4},"end":{"line":159,"column":4}}},"5":{"name":"getCurrentWinner","line":165,"loc":{"start":{"line":165,"column":4},"end":{"line":173,"column":4}}},"6":{"name":"block2slot","line":180,"loc":{"start":{"line":180,"column":4},"end":{"line":183,"column":4}}},"7":{"name":"currentSlot","line":189,"loc":{"start":{"line":189,"column":4},"end":{"line":191,"column":4}}},"8":{"name":"getBlockNumber","line":197,"loc":{"start":{"line":197,"column":4},"end":{"line":199,"column":4}}},"9":{"name":"checkWinner","line":207,"loc":{"start":{"line":207,"column":4},"end":{"line":222,"column":4}}}},"statementMap":{"1":{"start":{"line":71,"column":8},"end":{"line":71,"column":54}},"2":{"start":{"line":72,"column":8},"end":{"line":72,"column":21}},"3":{"start":{"line":73,"column":8},"end":{"line":73,"column":33}},"4":{"start":{"line":74,"column":8},"end":{"line":74,"column":37}},"5":{"start":{"line":75,"column":8},"end":{"line":75,"column":35}},"6":{"start":{"line":76,"column":8},"end":{"line":76,"column":23}},"7":{"start":{"line":77,"column":8},"end":{"line":77,"column":35}},"8":{"start":{"line":78,"column":8},"end":{"line":78,"column":31}},"9":{"start":{"line":79,"column":8},"end":{"line":79,"column":48}},"10":{"start":{"line":94,"column":8},"end":{"line":94,"column":27}},"11":{"start":{"line":95,"column":8},"end":{"line":95,"column":30}},"12":{"start":{"line":96,"column":8},"end":{"line":96,"column":3133}},"13":{"start":{"line":97,"column":12},"end":{"line":97,"column":54}},"14":{"start":{"line":98,"column":12},"end":{"line":98,"column":3241}},"15":{"start":{"line":101,"column":12},"end":{"line":101,"column":3360}},"16":{"start":{"line":106,"column":12},"end":{"line":106,"column":3554}},"17":{"start":{"line":108,"column":12},"end":{"line":108,"column":47}},"18":{"start":{"line":110,"column":12},"end":{"line":110,"column":43}},"19":{"start":{"line":113,"column":12},"end":{"line":113,"column":70}},"20":{"start":{"line":114,"column":12},"end":{"line":114,"column":43}},"21":{"start":{"line":115,"column":12},"end":{"line":115,"column":26}},"22":{"start":{"line":118,"column":8},"end":{"line":118,"column":28}},"23":{"start":{"line":120,"column":8},"end":{"line":120,"column":35}},"24":{"start":{"line":122,"column":8},"end":{"line":122,"column":78}},"25":{"start":{"line":123,"column":8},"end":{"line":123,"column":22}},"26":{"start":{"line":131,"column":8},"end":{"line":131,"column":4420}},"27":{"start":{"line":135,"column":8},"end":{"line":135,"column":55}},"28":{"start":{"line":136,"column":8},"end":{"line":136,"column":51}},"29":{"start":{"line":137,"column":8},"end":{"line":137,"column":36}},"30":{"start":{"line":138,"column":8},"end":{"line":138,"column":19}},"31":{"start":{"line":151,"column":8},"end":{"line":151,"column":5053}},"32":{"start":{"line":155,"column":8},"end":{"line":155,"column":64}},"33":{"start":{"line":156,"column":8},"end":{"line":156,"column":51}},"34":{"start":{"line":157,"column":8},"end":{"line":157,"column":36}},"35":{"start":{"line":158,"column":8},"end":{"line":158,"column":19}},"36":{"start":{"line":166,"column":8},"end":{"line":166,"column":40}},"37":{"start":{"line":167,"column":8},"end":{"line":167,"column":73}},"38":{"start":{"line":168,"column":8},"end":{"line":168,"column":5683}},"39":{"start":{"line":169,"column":12},"end":{"line":169,"column":35}},"40":{"start":{"line":171,"column":12},"end":{"line":171,"column":49}},"41":{"start":{"line":181,"column":8},"end":{"line":181,"column":45}},"42":{"start":{"line":181,"column":37},"end":{"line":181,"column":45}},"43":{"start":{"line":182,"column":8},"end":{"line":182,"column":66}},"44":{"start":{"line":190,"column":8},"end":{"line":190,"column":43}},"45":{"start":{"line":198,"column":8},"end":{"line":198,"column":27}},"46":{"start":{"line":212,"column":8},"end":{"line":212,"column":6888}},"47":{"start":{"line":215,"column":10},"end":{"line":215,"column":21}},"48":{"start":{"line":216,"column":8},"end":{"line":216,"column":66}},"49":{"start":{"line":217,"column":8},"end":{"line":217,"column":7086}},"50":{"start":{"line":218,"column":12},"end":{"line":218,"column":23}},"51":{"start":{"line":220,"column":12},"end":{"line":220,"column":24}}},"branchMap":{"1":{"line":96,"type":"if","locations":[{"start":{"line":96,"column":8},"end":{"line":96,"column":8}},{"start":{"line":96,"column":8},"end":{"line":96,"column":8}}]},"2":{"line":101,"type":"if","locations":[{"start":{"line":101,"column":12},"end":{"line":101,"column":12}},{"start":{"line":101,"column":12},"end":{"line":101,"column":12}}]},"3":{"line":113,"type":"if","locations":[{"start":{"line":113,"column":12},"end":{"line":113,"column":12}},{"start":{"line":113,"column":12},"end":{"line":113,"column":12}}]},"4":{"line":131,"type":"if","locations":[{"start":{"line":131,"column":8},"end":{"line":131,"column":8}},{"start":{"line":131,"column":8},"end":{"line":131,"column":8}}]},"5":{"line":151,"type":"if","locations":[{"start":{"line":151,"column":8},"end":{"line":151,"column":8}},{"start":{"line":151,"column":8},"end":{"line":151,"column":8}}]},"6":{"line":168,"type":"if","locations":[{"start":{"line":168,"column":8},"end":{"line":168,"column":8}},{"start":{"line":168,"column":8},"end":{"line":168,"column":8}}]},"7":{"line":181,"type":"if","locations":[{"start":{"line":181,"column":8},"end":{"line":181,"column":8}},{"start":{"line":181,"column":8},"end":{"line":181,"column":8}}]},"8":{"line":212,"type":"if","locations":[{"start":{"line":212,"column":8},"end":{"line":212,"column":8}},{"start":{"line":212,"column":8},"end":{"line":212,"column":8}}]},"9":{"line":217,"type":"if","locations":[{"start":{"line":217,"column":8},"end":{"line":217,"column":8}},{"start":{"line":217,"column":8},"end":{"line":217,"column":8}}]}}},"contracts\\hubbletest.sol":{"l":{"12":3,"13":3,"14":3,"15":1,"22":2,"27":1},"path":"C:\\Users\\lazypuppet\\ethereum\\snaketh4x0r\\BurnAuctionProject\\contracts\\hubbletest.sol","s":{"1":3,"2":3,"3":3,"4":2,"5":1},"b":{"1":[1,2]},"f":{"1":3,"2":2,"3":1},"fnMap":{"1":{"name":"onlyCoordinator","line":11,"loc":{"start":{"line":11,"column":4},"end":{"line":16,"column":4}}},"2":{"name":"constructor","line":21,"loc":{"start":{"line":21,"column":4},"end":{"line":23,"column":4}}},"3":{"name":"submitBatch","line":26,"loc":{"start":{"line":26,"column":4},"end":{"line":28,"column":4}}}},"statementMap":{"1":{"start":{"line":12,"column":9},"end":{"line":12,"column":26}},"2":{"start":{"line":13,"column":9},"end":{"line":13,"column":52}},"3":{"start":{"line":14,"column":9},"end":{"line":14,"column":71}},"4":{"start":{"line":22,"column":8},"end":{"line":22,"column":46}},"5":{"start":{"line":27,"column":8},"end":{"line":27,"column":19}}},"branchMap":{"1":{"line":14,"type":"if","locations":[{"start":{"line":14,"column":9},"end":{"line":14,"column":9}},{"start":{"line":14,"column":9},"end":{"line":14,"column":9}}]}}}}